<?xml version="1.0" encoding="UTF-8"?>
<!-- Generated by org.testng.reporters.JUnitXMLReporter -->
<testsuite ignored="2" hostname="LAPTOP-ALA1120S" failures="0" tests="2" name="Test" time="0.046" errors="0" timestamp="23 Jul 2022 08:43:09 GMT">
  <testcase classname="com.timeKeeping.actitime.GroupMavenTest" name="demo1" time="0.013"/>
  <testcase classname="com.timeKeeping.actitime.GroupMavenTest" name="demo2" time="0.002"/>
  <testcase classname="com.timeKeeping.actitime.GroupMavenTest" name="demo4" time="0.0">
    <ignored/>
  </testcase> <!-- demo4 -->
  <testcase classname="com.timeKeeping.actitime.GroupMavenTest" name="demo3" time="0.0">
    <ignored/>
  </testcase> <!-- demo3 -->
</testsuite> <!-- Test -->
